Sun Aug 19 2018 22:43:45 GMT-0300 (GMT-03:00): GET /about
Sun Aug 19 2018 22:55:03 GMT-0300 (GMT-03:00): GET /about
Sun Aug 19 2018 22:55:23 GMT-0300 (GMT-03:00): GET /about
Sun Aug 19 2018 23:05:05 GMT-0300 (GMT-03:00): GET /help
Sun Aug 19 2018 23:05:17 GMT-0300 (GMT-03:00): GET /
Sun Aug 19 2018 23:05:21 GMT-0300 (GMT-03:00): GET /about
Sun Aug 19 2018 23:06:40 GMT-0300 (GMT-03:00): GET /help.html
Sun Aug 19 2018 23:06:45 GMT-0300 (GMT-03:00): GET /
Mon Aug 20 2018 12:28:22 GMT-0300 (GMT-03:00): GET /about
Mon Aug 20 2018 12:34:04 GMT-0300 (GMT-03:00): GET /
Mon Aug 20 2018 12:34:07 GMT-0300 (GMT-03:00): GET /about
Mon Aug 20 2018 12:34:13 GMT-0300 (GMT-03:00): GET /help.html
Mon Aug 20 2018 12:34:31 GMT-0300 (GMT-03:00): GET /
Mon Aug 20 2018 12:34:36 GMT-0300 (GMT-03:00): GET /about
Mon Aug 20 2018 12:34:48 GMT-0300 (GMT-03:00): GET /about
Tue Aug 21 2018 12:56:52 GMT-0300 (GMT-03:00): GET /
Tue Aug 21 2018 12:56:53 GMT-0300 (GMT-03:00): GET /favicon.ico
Tue Aug 21 2018 12:56:54 GMT-0300 (GMT-03:00): GET /
Tue Aug 21 2018 12:56:55 GMT-0300 (GMT-03:00): GET /about
Tue Aug 21 2018 12:57:01 GMT-0300 (GMT-03:00): GET /help.html
